<?xml version="1.0" encoding="UTF-8"?>
<!-- Generated by org.testng.reporters.JUnitReportReporter -->
<testsuite hostname="DESKTOP-SQQU5C0" failures="0" tests="4" name="com.carchecking.testsCases.CarRegValidationTest" time="0.120" errors="0" timestamp="2025-04-21T15:50:02 BST" skipped="0">
  <testcase classname="com.carchecking.testsCases.CarRegValidationTest" name="testFileExistsSizeAndReadable" time="0.000"/>
  <testcase classname="com.carchecking.testsCases.CarRegValidationTest" name="testValidateFileContentFormat" time="0.000"/>
  <testcase classname="com.carchecking.testsCases.CarRegValidationTest" name="testExtractedRegistrationNumbers" time="0.119"/>
  <testcase classname="com.carchecking.testsCases.CarRegValidationTest" name="testCheckForDuplicates" time="0.001"/>
</testsuite> <!-- com.carchecking.testsCases.CarRegValidationTest -->
